p/1639376279392.jpg 1 0 0 1280 1280
p/1639376279391.jpg 1 0 0 1280 1280
p/1639376279390.jpg 1 0 0 1280 1280
p/1639376279388.jpg 1 0 0 1280 1280
p/1639376279386.jpg 1 0 0 1280 1280
p/1639376279384.jpg 1 0 0 1280 1280
p/1637694191402.jpg 1 0 0 1280 1280
p/1637694191395.jpg 1 0 0 1280 1280
p/1639376279433.jpg 1 0 0 1280 1280
p/1639376279427.jpg 1 0 0 1280 1280
p/1639376279420.jpg 1 0 0 1280 1280
p/1639376279414.jpg 1 0 0 1280 1280
p/1639376279407.jpg 1 0 0 1280 1280
p/1639376279399.jpg 1 0 0 1280 1280
p/1639376279393.jpg 1 0 0 1280 1280
p/1639376279385.jpg 1 0 0 1280 1280
p/1639376279382.jpg 1 0 0 1280 1280
p/1639376279381.jpg 1 0 0 1280 1280
p/1639376279380.jpg 1 0 0 1280 1280
p/1639376279379.jpg 1 0 0 1280 1280
p/1639376279377.jpg 1 0 0 1280 1280
p/1639376279378.jpg 1 0 0 1280 1280
p/1639376279375.jpg 1 0 0 1280 1280
p/1639376279374.jpg 1 0 0 1280 1280
p/1639376279373.jpg 1 0 0 1280 1280
p/1639376279372.jpg 1 0 0 1280 1280
p/1639376279371.jpg 1 0 0 1280 1280
p/1639376279370.jpg 1 0 0 1280 1280
p/1639376279369.jpg 1 0 0 1280 1280
p/1639376279368.jpg 1 0 0 1280 1280
p/1639376279367.jpg 1 0 0 1280 1280
p/1639376279366.jpg 1 0 0 1280 1280
p/1639376279364.jpg 1 0 0 1280 1280
p/1639376279363.jpg 1 0 0 1280 1280
p/1637694191547.jpg 1 0 0 1280 1280
p/1637694191546.jpg 1 0 0 1280 1280
p/1637694191545.jpg 1 0 0 1280 1280
p/1637694191544.jpg 1 0 0 1280 1280
p/1637694191543.jpg 1 0 0 1280 1280
p/1637694191542.jpg 1 0 0 1280 1280
p/1637694191541.jpg 1 0 0 1280 1280
p/1637694191540.jpg 1 0 0 1280 1280
p/1637694191537.jpg 1 0 0 1280 1280
p/1637694191534.jpg 1 0 0 1280 1280
p/1637694191532.jpg 1 0 0 1280 1280
p/1637694191511.jpg 1 0 0 1280 1280
p/1637694191488.jpg 1 0 0 1280 1280
p/1637694191444.jpg 1 0 0 1280 1280
p/1637694191411.jpg 1 0 0 1280 1280
p/1637694191389.jpg 1 0 0 1280 1280
p/1639376279412.jpg 1 0 0 1280 1280
p/1639376279389.jpg 1 0 0 1280 1280
p/1639376279365.jpg 1 0 0 1280 1280
p/1637694191499.jpg 1 0 0 1280 1280
p/1637694191531.jpg 1 0 0 1280 1280
p/1637694191529.jpg 1 0 0 1280 1280
p/1637694191527.jpg 1 0 0 1280 1280
p/1637694191525.jpg 1 0 0 1280 1280
p/1637694191523.jpg 1 0 0 1280 1280
p/1637694191520.jpg 1 0 0 1280 1280
p/1637694191518.jpg 1 0 0 1280 1280
p/1637694191516.jpg 1 0 0 1280 1280
p/1637694191514.jpg 1 0 0 1280 1280
p/1637694191512.jpg 1 0 0 1280 1280
p/1637694191509.jpg 1 0 0 1280 1280
p/1637694191507.jpg 1 0 0 1280 1280
p/1637694191505.jpg 1 0 0 1280 1280
p/1637694191406.jpg 1 0 0 1280 1280
p/1637694191503.jpg 1 0 0 1280 1280
p/1637694191404.jpg 1 0 0 1280 1280
p/1637694191501.jpg 1 0 0 1280 1280
p/1637694191538.jpg 1 0 0 1280 1280
p/1637694191536.jpg 1 0 0 1280 1280
p/1637694191535.jpg 1 0 0 1280 1280
p/1637694191533.jpg 1 0 0 1280 1280
p/1637694191522.jpg 1 0 0 1280 1280
p/1637694191500.jpg 1 0 0 1280 1280
p/1637694191477.jpg 1 0 0 1280 1280
p/1637694191466.jpg 1 0 0 1280 1280
p/1637694191455.jpg 1 0 0 1280 1280
p/1637694191433.jpg 1 0 0 1280 1280
p/1637694191422.jpg 1 0 0 1280 1280
p/1637694191400.jpg 1 0 0 1280 1280
p/1639376279423.jpg 1 0 0 1280 1280
p/1639376279400.jpg 1 0 0 1280 1280
p/1639376279376.jpg 1 0 0 1280 1280
p/1637694191539.jpg 1 0 0 1280 1280
p/1637694191388.jpg 1 0 0 1280 1280
p/1637694191530.jpg 1 0 0 1280 1280
p/1637694191528.jpg 1 0 0 1280 1280
p/1637694191526.jpg 1 0 0 1280 1280
p/1637694191524.jpg 1 0 0 1280 1280
p/1637694191521.jpg 1 0 0 1280 1280
p/1637694191519.jpg 1 0 0 1280 1280
p/1637694191517.jpg 1 0 0 1280 1280
p/1637694191515.jpg 1 0 0 1280 1280
p/1637694191513.jpg 1 0 0 1280 1280
p/1637694191510.jpg 1 0 0 1280 1280
p/1637694191508.jpg 1 0 0 1280 1280
p/1637694191506.jpg 1 0 0 1280 1280
p/1637694191407.jpg 1 0 0 1280 1280
p/1637694191504.jpg 1 0 0 1280 1280
p/1637694191405.jpg 1 0 0 1280 1280
p/1637694191502.jpg 1 0 0 1280 1280
p/1637694191403.jpg 1 0 0 1280 1280
p/1637694191498.jpg 1 0 0 1280 1280
p/1637694191497.jpg 1 0 0 1280 1280
p/1637694191496.jpg 1 0 0 1280 1280
p/1637694191495.jpg 1 0 0 1280 1280
p/1637694191494.jpg 1 0 0 1280 1280
p/1637694191493.jpg 1 0 0 1280 1280
p/1637694191401.jpg 1 0 0 1280 1280
p/1637694191492.jpg 1 0 0 1280 1280
p/1637694191399.jpg 1 0 0 1280 1280
p/1637694191491.jpg 1 0 0 1280 1280
p/1637694191398.jpg 1 0 0 1280 1280
p/1637694191490.jpg 1 0 0 1280 1280
p/1637694191397.jpg 1 0 0 1280 1280
p/1637694191489.jpg 1 0 0 1280 1280
p/1637694191396.jpg 1 0 0 1280 1280
p/1637694191487.jpg 1 0 0 1280 1280
p/1637694191486.jpg 1 0 0 1280 1280
p/1637694191485.jpg 1 0 0 1280 1280
p/1637694191484.jpg 1 0 0 1280 1280
p/1637694191483.jpg 1 0 0 1280 1280
p/1637694191482.jpg 1 0 0 1280 1280
p/1637694191394.jpg 1 0 0 1280 1280
p/1637694191481.jpg 1 0 0 1280 1280
p/1637694191393.jpg 1 0 0 1280 1280
p/1637694191480.jpg 1 0 0 1280 1280
p/1637694191392.jpg 1 0 0 1280 1280
p/1637694191479.jpg 1 0 0 1280 1280
p/1637694191391.jpg 1 0 0 1280 1280
p/1637694191478.jpg 1 0 0 1280 1280
p/1637694191390.jpg 1 0 0 1280 1280
p/1637694191476.jpg 1 0 0 1280 1280
p/1637694191475.jpg 1 0 0 1280 1280
p/1637694191474.jpg 1 0 0 1280 1280
p/1637694191473.jpg 1 0 0 1280 1280
p/1637694191472.jpg 1 0 0 1280 1280
p/1637694191471.jpg 1 0 0 1280 1280
p/1637694191470.jpg 1 0 0 1280 1280
p/1639376279432.jpg 1 0 0 1280 1280
p/1637694191469.jpg 1 0 0 1280 1280
p/1639376279431.jpg 1 0 0 1280 1280
p/1637694191468.jpg 1 0 0 1280 1280
p/1639376279430.jpg 1 0 0 1280 1280
p/1637694191467.jpg 1 0 0 1280 1280
p/1639376279429.jpg 1 0 0 1280 1280
p/1637694191465.jpg 1 0 0 1280 1280
p/1639376279428.jpg 1 0 0 1280 1280
p/1637694191464.jpg 1 0 0 1280 1280
p/1637694191463.jpg 1 0 0 1280 1280
p/1637694191462.jpg 1 0 0 1280 1280
p/1637694191461.jpg 1 0 0 1280 1280
p/1637694191460.jpg 1 0 0 1280 1280
p/1637694191459.jpg 1 0 0 1280 1280
p/1639376279426.jpg 1 0 0 1280 1280
p/1637694191458.jpg 1 0 0 1280 1280
p/1639376279425.jpg 1 0 0 1280 1280
p/1637694191457.jpg 1 0 0 1280 1280
p/1639376279424.jpg 1 0 0 1280 1280
p/1637694191456.jpg 1 0 0 1280 1280
p/1639376279422.jpg 1 0 0 1280 1280
p/1637694191454.jpg 1 0 0 1280 1280
p/1639376279421.jpg 1 0 0 1280 1280
p/1637694191453.jpg 1 0 0 1280 1280
p/1637694191452.jpg 1 0 0 1280 1280
p/1637694191451.jpg 1 0 0 1280 1280
p/1637694191450.jpg 1 0 0 1280 1280
p/1637694191449.jpg 1 0 0 1280 1280
p/1637694191448.jpg 1 0 0 1280 1280
p/1639376279419.jpg 1 0 0 1280 1280
p/1637694191447.jpg 1 0 0 1280 1280
p/1639376279418.jpg 1 0 0 1280 1280
p/1637694191446.jpg 1 0 0 1280 1280
p/1639376279417.jpg 1 0 0 1280 1280
p/1637694191445.jpg 1 0 0 1280 1280
p/1639376279416.jpg 1 0 0 1280 1280
p/1637694191443.jpg 1 0 0 1280 1280
p/1639376279415.jpg 1 0 0 1280 1280
p/1637694191442.jpg 1 0 0 1280 1280
p/1637694191441.jpg 1 0 0 1280 1280
p/1637694191440.jpg 1 0 0 1280 1280
p/1637694191439.jpg 1 0 0 1280 1280
p/1637694191438.jpg 1 0 0 1280 1280
p/1637694191437.jpg 1 0 0 1280 1280
p/1639376279413.jpg 1 0 0 1280 1280
p/1637694191436.jpg 1 0 0 1280 1280
p/1639376279411.jpg 1 0 0 1280 1280
p/1637694191435.jpg 1 0 0 1280 1280
p/1639376279410.jpg 1 0 0 1280 1280
p/1637694191434.jpg 1 0 0 1280 1280
p/1639376279409.jpg 1 0 0 1280 1280
p/1637694191432.jpg 1 0 0 1280 1280
p/1639376279408.jpg 1 0 0 1280 1280
p/1637694191431.jpg 1 0 0 1280 1280
p/1637694191430.jpg 1 0 0 1280 1280
p/1637694191429.jpg 1 0 0 1280 1280
p/1637694191428.jpg 1 0 0 1280 1280
p/1637694191427.jpg 1 0 0 1280 1280
p/1637694191426.jpg 1 0 0 1280 1280
p/1639376279406.jpg 1 0 0 1280 1280
p/1637694191425.jpg 1 0 0 1280 1280
p/1639376279405.jpg 1 0 0 1280 1280
p/1637694191424.jpg 1 0 0 1280 1280
p/1639376279404.jpg 1 0 0 1280 1280
p/1637694191423.jpg 1 0 0 1280 1280
p/1639376279403.jpg 1 0 0 1280 1280
p/1637694191421.jpg 1 0 0 1280 1280
p/1639376279402.jpg 1 0 0 1280 1280
p/1637694191420.jpg 1 0 0 1280 1280
p/1637694191419.jpg 1 0 0 1280 1280
p/1637694191418.jpg 1 0 0 1280 1280
p/1637694191417.jpg 1 0 0 1280 1280
p/1637694191416.jpg 1 0 0 1280 1280
p/1637694191415.jpg 1 0 0 1280 1280
p/1639376279398.jpg 1 0 0 1280 1280
p/1637694191414.jpg 1 0 0 1280 1280
p/1639376279397.jpg 1 0 0 1280 1280
p/1637694191413.jpg 1 0 0 1280 1280
p/1639376279396.jpg 1 0 0 1280 1280
p/1637694191412.jpg 1 0 0 1280 1280
p/1639376279395.jpg 1 0 0 1280 1280
p/1637694191410.jpg 1 0 0 1280 1280
p/1639376279394.jpg 1 0 0 1280 1280
p/1637694191409.jpg 1 0 0 1280 1280
p/1637694191408.jpg 1 0 0 1280 1280